<?xml version="1.0" encoding="UTF-8"?>
<!-- Generated by org.testng.reporters.JUnitReportReporter -->
<testsuite hostname="sys" name="OrangeHRM.Loginusingreflections" tests="1" failures="0" timestamp="11 Apr 2015 08:26:26 GMT" time="27.456" errors="0">
  <testcase name="loginTest" time="27.456" classname="OrangeHRM.Loginusingreflections"/>
</testsuite> <!-- OrangeHRM.Loginusingreflections -->
