<?xml version="1.0" encoding="UTF-8"?>
<!-- Generated by org.testng.reporters.JUnitReportReporter -->
<testsuite hostname="sys" name="day24.Links" tests="1" failures="0" timestamp="4 Apr 2015 07:21:52 GMT" time="59.574" errors="0">
  <testcase name="linkTest" time="59.574" classname="day24.Links"/>
</testsuite> <!-- day24.Links -->
