<?xml version="1.0" encoding="UTF-8"?>
<!-- Generated by org.testng.reporters.JUnitReportReporter -->
<testsuite hostname="sys" name="day13.MultipleWindows1" tests="1" failures="0" timestamp="20 Mar 2015 06:56:57 GMT" time="23.853" errors="0">
  <testcase name="mutilpleWindowTest" time="23.853" classname="day13.MultipleWindows1"/>
</testsuite> <!-- day13.MultipleWindows1 -->
