<?xml version="1.0" encoding="UTF-8"?>
<!-- Generated by org.testng.reporters.JUnitReportReporter -->
<testsuite hostname="sys" name="day21.Conversions" tests="1" failures="0" timestamp="31 Mar 2015 07:17:28 GMT" time="26.167" errors="0">
  <testcase name="registrationTest" time="26.167" classname="day21.Conversions"/>
</testsuite> <!-- day21.Conversions -->
