<?xml version="1.0" encoding="UTF-8"?>
<!-- Generated by org.testng.reporters.JUnitReportReporter -->
<testsuite hostname="sys" name="day15.DragandDrop2" tests="1" failures="0" timestamp="24 Mar 2015 07:09:58 GMT" time="28.448" errors="0">
  <testcase name="dragandDropTest" time="28.448" classname="day15.DragandDrop2"/>
</testsuite> <!-- day15.DragandDrop2 -->
