<?xml version="1.0" encoding="UTF-8"?>
<!-- Generated by org.testng.reporters.JUnitReportReporter -->
<testsuite hostname="sys" name="day14.MouseHover" tests="1" failures="0" timestamp="23 Mar 2015 07:18:07 GMT" time="7.663" errors="0">
  <testcase name="mouseHoverTest" time="7.663" classname="day14.MouseHover"/>
</testsuite> <!-- day14.MouseHover -->
