<?xml version="1.0" encoding="UTF-8"?>
<!-- Generated by org.testng.reporters.JUnitReportReporter -->
<testsuite hostname="sys" name="day15.CookiesTesting" tests="1" failures="0" timestamp="24 Mar 2015 07:53:48 GMT" time="19.682" errors="0">
  <testcase name="cookiestest" time="19.682" classname="day15.CookiesTesting"/>
</testsuite> <!-- day15.CookiesTesting -->
