<?xml version="1.0" encoding="UTF-8"?>
<!-- Generated by org.testng.reporters.JUnitReportReporter -->
<testsuite hostname="sys" name="day12.CheckBoxes2" tests="1" failures="0" timestamp="19 Mar 2015 06:59:50 GMT" time="27.657" errors="0">
  <testcase name="checkboxTest" time="27.657" classname="day12.CheckBoxes2"/>
</testsuite> <!-- day12.CheckBoxes2 -->
