<?xml version="1.0" encoding="UTF-8"?>
<!-- Generated by org.testng.reporters.JUnitReportReporter -->
<testsuite hostname="sys" name="day26.DataqdrivenTestingOnGrid" tests="5" failures="0" timestamp="7 Apr 2015 07:17:55 GMT" time="206.652" errors="0">
  <testcase name="loginTest" time="27.619" classname="day26.DataqdrivenTestingOnGrid"/>
  <testcase name="loginTest" time="34.605" classname="day26.DataqdrivenTestingOnGrid"/>
  <testcase name="loginTest" time="55.021" classname="day26.DataqdrivenTestingOnGrid"/>
  <testcase name="loginTest" time="41.739" classname="day26.DataqdrivenTestingOnGrid"/>
  <testcase name="loginTest" time="47.668" classname="day26.DataqdrivenTestingOnGrid"/>
</testsuite> <!-- day26.DataqdrivenTestingOnGrid -->
