<?xml version="1.0" encoding="UTF-8"?>
<!-- Generated by org.testng.reporters.JUnitReportReporter -->
<testsuite hostname="sys" name="day15.DragandDrop" tests="1" failures="0" timestamp="24 Mar 2015 07:00:52 GMT" time="20.138" errors="0">
  <testcase name="dragandDropTest" time="20.138" classname="day15.DragandDrop"/>
</testsuite> <!-- day15.DragandDrop -->
