<?xml version="1.0" encoding="UTF-8"?>
<!-- Generated by org.testng.reporters.JUnitReportReporter -->
<testsuite hostname="sys" name="Grid1" tests="1" failures="0" timestamp="3 Apr 2015 18:06:03 GMT" time="14.290" errors="0">
  <testcase name="screenshotTest" time="14.290" classname="Grid1"/>
</testsuite> <!-- Grid1 -->
