<?xml version="1.0" encoding="UTF-8"?>
<!-- Generated by org.testng.reporters.JUnitReportReporter -->
<testsuite hostname="sys" name="day14.Frames2" tests="1" failures="0" timestamp="23 Mar 2015 06:55:16 GMT" time="11.940" errors="0">
  <testcase name="framesTest" time="11.940" classname="day14.Frames2"/>
</testsuite> <!-- day14.Frames2 -->
