<?xml version="1.0" encoding="UTF-8"?>
<!-- Generated by org.testng.reporters.JUnitReportReporter -->
<testsuite hostname="sys" name="day25.LinksonGrid" tests="2" failures="0" timestamp="6 Apr 2015 07:38:13 GMT" time="102.745" errors="0">
  <testcase name="dropdownTest" time="63.838" classname="day25.LinksonGrid"/>
  <testcase name="dropdownTest" time="38.907" classname="day25.LinksonGrid"/>
</testsuite> <!-- day25.LinksonGrid -->
