<?xml version="1.0" encoding="UTF-8"?>
<!-- Generated by org.testng.reporters.JUnitReportReporter -->
<testsuite hostname="sys" name="day19.DropdownExcel" tests="1" failures="0" timestamp="28 Mar 2015 07:40:25 GMT" time="103.678" errors="0">
  <testcase name="dropdownTest" time="103.678" classname="day19.DropdownExcel"/>
</testsuite> <!-- day19.DropdownExcel -->
