<?xml version="1.0" encoding="UTF-8"?>
<!-- Generated by org.testng.reporters.JUnitReportReporter -->
<testsuite hostname="sys" name="day11.Sample" tests="2" failures="0" timestamp="18 Mar 2015 07:42:02 GMT" time="0.016" errors="0">
  <testcase name="loginTest" time="0.014" classname="day11.Sample"/>
  <testcase name="regTest" time="0.002" classname="day11.Sample"/>
</testsuite> <!-- day11.Sample -->
