<?xml version="1.0" encoding="UTF-8"?>
<!-- Generated by org.testng.reporters.JUnitReportReporter -->
<testsuite hostname="sys" name="day13.Frames1" tests="1" failures="0" timestamp="20 Mar 2015 08:12:54 GMT" time="10.703" errors="0">
  <testcase name="framesTest" time="10.703" classname="day13.Frames1"/>
</testsuite> <!-- day13.Frames1 -->
