<?xml version="1.0" encoding="UTF-8"?>
<!-- Generated by org.testng.reporters.JUnitReportReporter -->
<testsuite hostname="sys" name="day18.AjaxAutoSuggestions" tests="1" failures="0" timestamp="27 Mar 2015 08:01:07 GMT" time="12.745" errors="0">
  <testcase name="ajaxTest" time="12.745" classname="day18.AjaxAutoSuggestions"/>
</testsuite> <!-- day18.AjaxAutoSuggestions -->
