<?xml version="1.0" encoding="UTF-8"?>
<!-- Generated by org.testng.reporters.JUnitReportReporter -->
<testsuite hostname="sys" name="day24.GmailLogin" tests="1" failures="0" timestamp="6 Apr 2015 06:43:59 GMT" time="7.964" errors="0">
  <testcase name="loginTest" time="7.964" classname="day24.GmailLogin"/>
</testsuite> <!-- day24.GmailLogin -->
