<?xml version="1.0" encoding="UTF-8"?>
<!-- Generated by org.testng.reporters.JUnitReportReporter -->
<testsuite hostname="sys" name="day15.RightClick" tests="1" failures="0" timestamp="24 Mar 2015 06:50:21 GMT" time="11.107" errors="0">
  <testcase name="rightClickTest" time="11.107" classname="day15.RightClick"/>
</testsuite> <!-- day15.RightClick -->
