<?xml version="1.0" encoding="UTF-8"?>
<!-- Generated by org.testng.reporters.JUnitReportReporter -->
<testsuite hostname="sys" name="day20.WebtableExcel" tests="1" failures="0" timestamp="30 Mar 2015 06:44:56 GMT" time="38.916" errors="0">
  <testcase name="webtableTest" time="38.916" classname="day20.WebtableExcel"/>
</testsuite> <!-- day20.WebtableExcel -->
