<?xml version="1.0" encoding="UTF-8"?>
<!-- Generated by org.testng.reporters.JUnitReportReporter -->
<testsuite hostname="sys" name="day15.SliderBarAutomation" tests="1" failures="0" timestamp="24 Mar 2015 07:35:34 GMT" time="16.080" errors="0">
  <testcase name="dragandDropTest" time="16.080" classname="day15.SliderBarAutomation"/>
</testsuite> <!-- day15.SliderBarAutomation -->
