<?xml version="1.0" encoding="UTF-8"?>
<!-- Generated by org.testng.reporters.JUnitReportReporter -->
<testsuite hostname="sys" name="day24.Login" tests="1" failures="0" timestamp="4 Apr 2015 07:21:52 GMT" time="2.990" errors="0">
  <testcase name="loginTest" time="2.990" classname="day24.Login"/>
</testsuite> <!-- day24.Login -->
