<?xml version="1.0" encoding="UTF-8"?>
<!-- Generated by org.testng.reporters.JUnitReportReporter -->
<testsuite hostname="sys" name="day24.Registration" tests="1" failures="0" timestamp="4 Apr 2015 07:21:52 GMT" time="14.970" errors="0">
  <testcase name="regTest" time="14.970" classname="day24.Registration"/>
</testsuite> <!-- day24.Registration -->
