<?xml version="1.0" encoding="UTF-8"?>
<!-- Generated by org.testng.reporters.JUnitReportReporter -->
<testsuite hostname="sys" name="day26.Screenshot" tests="1" failures="0" timestamp="7 Apr 2015 07:35:30 GMT" time="25.191" errors="0">
  <testcase name="screenshoptTest" time="25.191" classname="day26.Screenshot"/>
</testsuite> <!-- day26.Screenshot -->
