<?xml version="1.0" encoding="UTF-8"?>
<!-- Generated by org.testng.reporters.JUnitReportReporter -->
<testsuite hostname="sys" name="OrangeHRM.Login" tests="1" failures="0" timestamp="11 Apr 2015 07:24:34 GMT" time="26.699" errors="0">
  <testcase name="loginTest" time="26.699" classname="OrangeHRM.Login"/>
</testsuite> <!-- OrangeHRM.Login -->
