<?xml version="1.0" encoding="UTF-8"?>
<!-- Generated by org.testng.reporters.JUnitReportReporter -->
<testsuite hostname="sys" name="day16.CaptchaCode" tests="1" failures="0" timestamp="25 Mar 2015 07:04:00 GMT" time="12.701" errors="0">
  <testcase name="captchaTest" time="12.701" classname="day16.CaptchaCode"/>
</testsuite> <!-- day16.CaptchaCode -->
