<?xml version="1.0" encoding="UTF-8"?>
<!-- Generated by org.testng.reporters.JUnitReportReporter -->
<testsuite hostname="sys" name="day20.DatadrivenTesting1" tests="1" failures="0" timestamp="30 Mar 2015 07:37:28 GMT" time="77.769" errors="0">
  <testcase name="linksTest" time="77.769" classname="day20.DatadrivenTesting1"/>
</testsuite> <!-- day20.DatadrivenTesting1 -->
