<?xml version="1.0" encoding="UTF-8"?>
<!-- Generated by org.testng.reporters.JUnitReportReporter -->
<testsuite hostname="sys" name="day12.ScreenshotofaSesctionOfPage" tests="1" failures="0" timestamp="19 Mar 2015 07:26:33 GMT" time="32.613" errors="0">
  <testcase name="screenshotTest" time="32.613" classname="day12.ScreenshotofaSesctionOfPage"/>
</testsuite> <!-- day12.ScreenshotofaSesctionOfPage -->
