<?xml version="1.0" encoding="UTF-8"?>
<!-- Generated by org.testng.reporters.JUnitReportReporter -->
<testsuite hostname="sys" name="day21.DatdrivenTesting3" tests="1" failures="0" timestamp="31 Mar 2015 07:54:36 GMT" time="25.533" errors="0">
  <testcase name="AjaxTest" time="25.533" classname="day21.DatdrivenTesting3"/>
</testsuite> <!-- day21.DatdrivenTesting3 -->
