<?xml version="1.0" encoding="UTF-8"?>
<!-- Generated by org.testng.reporters.JUnitReportReporter -->
<testsuite hostname="sys" name="OrangeHRM.Addemployee" tests="1" failures="0" timestamp="11 Apr 2015 08:26:26 GMT" time="14.092" errors="0">
  <testcase name="addEmployeeTest" time="14.092" classname="OrangeHRM.Addemployee"/>
</testsuite> <!-- OrangeHRM.Addemployee -->
