<?xml version="1.0" encoding="UTF-8"?>
<!-- Generated by org.testng.reporters.JUnitReportReporter -->
<testsuite hostname="sys" name="day18.WebtableTesting4" tests="1" failures="0" timestamp="27 Mar 2015 06:45:42 GMT" time="26.321" errors="0">
  <testcase name="webtableTest" time="26.321" classname="day18.WebtableTesting4"/>
</testsuite> <!-- day18.WebtableTesting4 -->
