<?xml version="1.0" encoding="UTF-8"?>
<!-- Generated by org.testng.reporters.JUnitReportReporter -->
<testsuite hostname="sys" name="day17.WebtableCalander" tests="1" failures="0" timestamp="26 Mar 2015 07:13:56 GMT" time="34.530" errors="0">
  <testcase name="calanderWebtableTest" time="34.530" classname="day17.WebtableCalander"/>
</testsuite> <!-- day17.WebtableCalander -->
