<?xml version="1.0" encoding="UTF-8"?>
<!-- Generated by org.testng.reporters.JUnitReportReporter -->
<testsuite hostname="sys" name="day16.WebtableTesting1" tests="1" failures="0" timestamp="25 Mar 2015 07:22:43 GMT" time="17.359" errors="0">
  <testcase name="webtableTest" time="17.359" classname="day16.WebtableTesting1"/>
</testsuite> <!-- day16.WebtableTesting1 -->
