<?xml version="1.0" encoding="UTF-8"?>
<!-- Generated by org.testng.reporters.JUnitReportReporter -->
<testsuite hostname="sys" name="day12.CheckBoxes1" tests="1" failures="0" timestamp="19 Mar 2015 06:45:56 GMT" time="32.961" errors="0">
  <testcase name="checkboxTest" time="32.961" classname="day12.CheckBoxes1"/>
</testsuite> <!-- day12.CheckBoxes1 -->
