<?xml version="1.0" encoding="UTF-8"?>
<!-- Generated by org.testng.reporters.JUnitReportReporter -->
<testsuite hostname="sys" name="day16.DynamicWebtableTesting" tests="1" failures="0" timestamp="30 Mar 2015 06:37:57 GMT" time="38.010" errors="0">
  <testcase name="webtableTest" time="38.010" classname="day16.DynamicWebtableTesting"/>
</testsuite> <!-- day16.DynamicWebtableTesting -->
