<?xml version="1.0" encoding="UTF-8"?>
<!-- Generated by org.testng.reporters.JUnitReportReporter -->
<testsuite hostname="sys" name="day25.GamilLogin_DataProvider" tests="5" failures="0" timestamp="6 Apr 2015 11:42:24 GMT" time="136.989" errors="0">
  <testcase name="loginTest" time="45.203" classname="day25.GamilLogin_DataProvider"/>
  <testcase name="loginTest" time="33.340" classname="day25.GamilLogin_DataProvider"/>
  <testcase name="loginTest" time="26.988" classname="day25.GamilLogin_DataProvider"/>
  <testcase name="loginTest" time="12.020" classname="day25.GamilLogin_DataProvider"/>
  <testcase name="loginTest" time="19.438" classname="day25.GamilLogin_DataProvider"/>
</testsuite> <!-- day25.GamilLogin_DataProvider -->
